2022-05-15 23:05:767 INFO  ManageDriver :29 - Launching Chrome Browser
2022-05-15 23:05:298 INFO  HomePage :52 - click on 'COMPUTER' tab :[[ChromeDriver: chrome on WINDOWS (ec337ad254e59ed55bb8ce3a15cf173d)] -> link text: Computers]
2022-05-15 23:05:767 INFO  ComputerPage :32 - get the 'COMPUTER' text :[[ChromeDriver: chrome on WINDOWS (ec337ad254e59ed55bb8ce3a15cf173d)] -> xpath: //h1[contains(text(),'Computers')]]
2022-05-15 23:05:707 INFO  ManageDriver :29 - Launching Chrome Browser
2022-05-15 23:05:537 INFO  HomePage :52 - click on 'COMPUTER' tab :[[ChromeDriver: chrome on WINDOWS (21a5fb4fa3b727a08f40c8fc2e477d22)] -> link text: Computers]
2022-05-15 23:05:28 INFO  ComputerPage :37 - click on 'DESKTOP' button :[[ChromeDriver: chrome on WINDOWS (21a5fb4fa3b727a08f40c8fc2e477d22)] -> xpath: //li[@class="inactive"]/child::a[contains(text(),'Desktops')]]
2022-05-15 23:05:474 INFO  DeskTopPage :35 - get the 'DESKTOP' text :[[ChromeDriver: chrome on WINDOWS (21a5fb4fa3b727a08f40c8fc2e477d22)] -> xpath: //h1[contains(text(),'Desktops')]]
2022-05-15 23:05:161 INFO  ManageDriver :29 - Launching Chrome Browser
2022-05-15 23:05:356 INFO  HomePage :52 - click on 'COMPUTER' tab :[[ChromeDriver: chrome on WINDOWS (251c29b1325f076b4ded74f7ac7a9a26)] -> link text: Computers]
2022-05-15 23:05:829 INFO  ComputerPage :37 - click on 'DESKTOP' button :[[ChromeDriver: chrome on WINDOWS (251c29b1325f076b4ded74f7ac7a9a26)] -> xpath: //li[@class="inactive"]/child::a[contains(text(),'Desktops')]]
2022-05-15 23:05:282 INFO  DeskTopPage :50 - click on 'PRODUCT' :Build your own computer
2022-05-15 23:05:432 INFO  BuildYourOwnComputerPage :46 - get the 'BUILD YOUR COMPUTER' text :[[ChromeDriver: chrome on WINDOWS (251c29b1325f076b4ded74f7ac7a9a26)] -> xpath: //h1[contains(text(),'Build your own computer')]]
2022-05-15 23:05:459 INFO  BuildYourOwnComputerPage :51 - select the 'PROCESSOR' from drop down:[[ChromeDriver: chrome on WINDOWS (251c29b1325f076b4ded74f7ac7a9a26)] -> xpath: //select[@id='product_attribute_1']]
2022-05-15 23:05:529 INFO  BuildYourOwnComputerPage :56 - select the 'RAM' from drop down:[[ChromeDriver: chrome on WINDOWS (251c29b1325f076b4ded74f7ac7a9a26)] -> xpath: //select[@id='product_attribute_2']]
2022-05-15 23:05:599 INFO  BuildYourOwnComputerPage :60 - click on 'HDD' from radio button :320 GB
2022-05-15 23:05:648 INFO  BuildYourOwnComputerPage :70 - click on 'OS' from radio button :Vista Home [+$50.00]
2022-05-15 23:05:722 INFO  BuildYourOwnComputerPage :82 - click on 'SOFTWARE' from check box :Microsoft Office [+$50.00]
2022-05-15 23:05:761 INFO  BuildYourOwnComputerPage :89 - click on 'ADD TO CART' button :[[ChromeDriver: chrome on WINDOWS (251c29b1325f076b4ded74f7ac7a9a26)] -> xpath: //button[@id='add-to-cart-button-1']]
2022-05-15 23:05:620 INFO  BuildYourOwnComputerPage :94 - get the 'ADD TO CARD' text :[[ChromeDriver: chrome on WINDOWS (251c29b1325f076b4ded74f7ac7a9a26)] -> xpath: //body/div[@id='bar-notification']/div[1]/p[1]]
2022-05-15 23:05:293 INFO  ManageDriver :29 - Launching Chrome Browser
2022-05-15 23:05:757 INFO  HomePage :52 - click on 'COMPUTER' tab :[[ChromeDriver: chrome on WINDOWS (a75956d28fe97d545605da896f0572a5)] -> link text: Computers]
2022-05-15 23:05:222 INFO  ComputerPage :37 - click on 'DESKTOP' button :[[ChromeDriver: chrome on WINDOWS (a75956d28fe97d545605da896f0572a5)] -> xpath: //li[@class="inactive"]/child::a[contains(text(),'Desktops')]]
2022-05-15 23:05:607 INFO  DeskTopPage :50 - click on 'PRODUCT' :Build your own computer
2022-05-15 23:05:266 INFO  BuildYourOwnComputerPage :46 - get the 'BUILD YOUR COMPUTER' text :[[ChromeDriver: chrome on WINDOWS (a75956d28fe97d545605da896f0572a5)] -> xpath: //h1[contains(text(),'Build your own computer')]]
2022-05-15 23:05:291 INFO  BuildYourOwnComputerPage :51 - select the 'PROCESSOR' from drop down:[[ChromeDriver: chrome on WINDOWS (a75956d28fe97d545605da896f0572a5)] -> xpath: //select[@id='product_attribute_1']]
2022-05-15 23:05:330 INFO  BuildYourOwnComputerPage :56 - select the 'RAM' from drop down:[[ChromeDriver: chrome on WINDOWS (a75956d28fe97d545605da896f0572a5)] -> xpath: //select[@id='product_attribute_2']]
2022-05-15 23:05:377 INFO  BuildYourOwnComputerPage :60 - click on 'HDD' from radio button :400 GB [+$100.00]
2022-05-15 23:05:440 INFO  BuildYourOwnComputerPage :70 - click on 'OS' from radio button :Vista Premium [+$60.00]
2022-05-15 23:05:529 INFO  BuildYourOwnComputerPage :82 - click on 'SOFTWARE' from check box :Acrobat Reader [+$10.00]
2022-05-15 23:05:563 INFO  BuildYourOwnComputerPage :89 - click on 'ADD TO CART' button :[[ChromeDriver: chrome on WINDOWS (a75956d28fe97d545605da896f0572a5)] -> xpath: //button[@id='add-to-cart-button-1']]
2022-05-15 23:05:855 INFO  BuildYourOwnComputerPage :94 - get the 'ADD TO CARD' text :[[ChromeDriver: chrome on WINDOWS (a75956d28fe97d545605da896f0572a5)] -> xpath: //body/div[@id='bar-notification']/div[1]/p[1]]
2022-05-15 23:05:526 INFO  ManageDriver :29 - Launching Chrome Browser
2022-05-15 23:05:19 INFO  HomePage :52 - click on 'COMPUTER' tab :[[ChromeDriver: chrome on WINDOWS (289cc974fe8e754892db33273d33c01b)] -> link text: Computers]
2022-05-15 23:05:473 INFO  ComputerPage :37 - click on 'DESKTOP' button :[[ChromeDriver: chrome on WINDOWS (289cc974fe8e754892db33273d33c01b)] -> xpath: //li[@class="inactive"]/child::a[contains(text(),'Desktops')]]
2022-05-15 23:05:878 INFO  DeskTopPage :50 - click on 'PRODUCT' :Build your own computer
2022-05-15 23:05:502 INFO  BuildYourOwnComputerPage :46 - get the 'BUILD YOUR COMPUTER' text :[[ChromeDriver: chrome on WINDOWS (289cc974fe8e754892db33273d33c01b)] -> xpath: //h1[contains(text(),'Build your own computer')]]
2022-05-15 23:05:523 INFO  BuildYourOwnComputerPage :51 - select the 'PROCESSOR' from drop down:[[ChromeDriver: chrome on WINDOWS (289cc974fe8e754892db33273d33c01b)] -> xpath: //select[@id='product_attribute_1']]
2022-05-15 23:05:558 INFO  BuildYourOwnComputerPage :56 - select the 'RAM' from drop down:[[ChromeDriver: chrome on WINDOWS (289cc974fe8e754892db33273d33c01b)] -> xpath: //select[@id='product_attribute_2']]
2022-05-15 23:05:605 INFO  BuildYourOwnComputerPage :60 - click on 'HDD' from radio button :320 GB
2022-05-15 23:05:657 INFO  BuildYourOwnComputerPage :70 - click on 'OS' from radio button :Vista Home [+$50.00]
2022-05-15 23:05:744 INFO  BuildYourOwnComputerPage :82 - click on 'SOFTWARE' from check box :Total Commander [+$5.00]
2022-05-15 23:05:778 INFO  BuildYourOwnComputerPage :89 - click on 'ADD TO CART' button :[[ChromeDriver: chrome on WINDOWS (289cc974fe8e754892db33273d33c01b)] -> xpath: //button[@id='add-to-cart-button-1']]
2022-05-15 23:05:71 INFO  BuildYourOwnComputerPage :94 - get the 'ADD TO CARD' text :[[ChromeDriver: chrome on WINDOWS (289cc974fe8e754892db33273d33c01b)] -> xpath: //body/div[@id='bar-notification']/div[1]/p[1]]
2022-05-15 23:05:735 INFO  ManageDriver :29 - Launching Chrome Browser
2022-05-15 23:05:538 INFO  HomePage :37 - click on 'LOGIN' link :[[ChromeDriver: chrome on WINDOWS (b86fb97c3286863a127472b042e681fd)] -> link text: Log in]
2022-05-15 23:05:968 INFO  LoginPage :58 - get the 'WELCOME' text :[[ChromeDriver: chrome on WINDOWS (b86fb97c3286863a127472b042e681fd)] -> xpath: //h1[contains(text(),'Welcome, Please Sign In!')]]
2022-05-15 23:05:656 INFO  ManageDriver :29 - Launching Chrome Browser
2022-05-15 23:05:493 INFO  HomePage :37 - click on 'LOGIN' link :[[ChromeDriver: chrome on WINDOWS (9f5043b194a10c385795935acf87d371)] -> link text: Log in]
2022-05-15 23:05:931 INFO  LoginPage :38 - enter the 'EMAIL ADDRESS' :abcd123@gmail.comto email address field
2022-05-15 23:05:02 INFO  LoginPage :43 - enter the 'PASSWORD' :xyz123to password field
2022-05-15 23:05:82 INFO  LoginPage :48 - click on 'LOGIN' button :[[ChromeDriver: chrome on WINDOWS (9f5043b194a10c385795935acf87d371)] -> xpath: //button[contains(text(),'Log in')]]
2022-05-15 23:05:447 INFO  LoginPage :53 - get the 'ERROR MESSAGE' text :[[ChromeDriver: chrome on WINDOWS (9f5043b194a10c385795935acf87d371)] -> xpath: //div[@class='message-error validation-summary-errors']]
2022-05-15 23:05:126 INFO  ManageDriver :29 - Launching Chrome Browser
2022-05-15 23:05:891 INFO  HomePage :37 - click on 'LOGIN' link :[[ChromeDriver: chrome on WINDOWS (fa1a3159239989c516f80866ca5fb4c3)] -> link text: Log in]
2022-05-15 23:05:279 INFO  LoginPage :38 - enter the 'EMAIL ADDRESS' :xyz123@gmail.comto email address field
2022-05-15 23:05:344 INFO  LoginPage :43 - enter the 'PASSWORD' :abc123to password field
2022-05-15 23:05:418 INFO  LoginPage :48 - click on 'LOGIN' button :[[ChromeDriver: chrome on WINDOWS (fa1a3159239989c516f80866ca5fb4c3)] -> xpath: //button[contains(text(),'Log in')]]
2022-05-15 23:05:799 INFO  LoginPage :53 - get the 'ERROR MESSAGE' text :[[ChromeDriver: chrome on WINDOWS (fa1a3159239989c516f80866ca5fb4c3)] -> xpath: //div[@class='message-error validation-summary-errors']]
2022-05-15 23:05:481 INFO  ManageDriver :29 - Launching Chrome Browser
2022-05-15 23:05:985 INFO  HomePage :37 - click on 'LOGIN' link :[[ChromeDriver: chrome on WINDOWS (9cc449c9a344f75a9c33784155aeb720)] -> link text: Log in]
2022-05-15 23:05:390 INFO  LoginPage :38 - enter the 'EMAIL ADDRESS' :adfafasd@gmail.comto email address field
2022-05-15 23:05:434 INFO  LoginPage :43 - enter the 'PASSWORD' :xyz123to password field
2022-05-15 23:05:505 INFO  LoginPage :48 - click on 'LOGIN' button :[[ChromeDriver: chrome on WINDOWS (9cc449c9a344f75a9c33784155aeb720)] -> xpath: //button[contains(text(),'Log in')]]
2022-05-15 23:05:867 INFO  LoginPage :53 - get the 'ERROR MESSAGE' text :[[ChromeDriver: chrome on WINDOWS (9cc449c9a344f75a9c33784155aeb720)] -> xpath: //div[@class='message-error validation-summary-errors']]
2022-05-15 23:05:543 INFO  ManageDriver :29 - Launching Chrome Browser
2022-05-15 23:05:321 INFO  HomePage :37 - click on 'LOGIN' link :[[ChromeDriver: chrome on WINDOWS (067db5143ec1fe63b18772927fe1f88c)] -> link text: Log in]
2022-05-15 23:05:758 INFO  LoginPage :38 - enter the 'EMAIL ADDRESS' :abc222@gmail.comto email address field
2022-05-15 23:05:821 INFO  LoginPage :43 - enter the 'PASSWORD' :abc123456to password field
2022-05-15 23:05:902 INFO  LoginPage :48 - click on 'LOGIN' button :[[ChromeDriver: chrome on WINDOWS (067db5143ec1fe63b18772927fe1f88c)] -> xpath: //button[contains(text(),'Log in')]]
2022-05-15 23:05:315 INFO  LoginPage :63 - get the 'LOGOUT' link :Proxy element for: DefaultElementLocator 'By.xpath: //a[contains(text(),'Log out')]'
2022-05-15 23:05:259 INFO  ManageDriver :29 - Launching Chrome Browser
2022-05-15 23:05:764 INFO  HomePage :37 - click on 'LOGIN' link :[[ChromeDriver: chrome on WINDOWS (cdc92feda19f308207722a4af0c1528b)] -> link text: Log in]
2022-05-15 23:05:195 INFO  LoginPage :38 - enter the 'EMAIL ADDRESS' :abc222@gmail.comto email address field
2022-05-15 23:05:262 INFO  LoginPage :43 - enter the 'PASSWORD' :abc123456to password field
2022-05-15 23:05:338 INFO  LoginPage :48 - click on 'LOGIN' button :[[ChromeDriver: chrome on WINDOWS (cdc92feda19f308207722a4af0c1528b)] -> xpath: //button[contains(text(),'Log in')]]
2022-05-15 23:05:770 INFO  LoginPage :68 - click on 'LOGOUT' button :Proxy element for: DefaultElementLocator 'By.xpath: //a[contains(text(),'Log out')]'
2022-05-15 23:05:625 INFO  ManageDriver :29 - Launching Chrome Browser
2022-05-15 23:05:109 INFO  HomePage :42 - click on 'REGISTER' link :[[ChromeDriver: chrome on WINDOWS (6b6d0bbb72775c58c1d4cac0dcc77b91)] -> link text: Register]
2022-05-15 23:05:516 INFO  RegisterPage :77 - get the 'REGISTER' text :[[ChromeDriver: chrome on WINDOWS (6b6d0bbb72775c58c1d4cac0dcc77b91)] -> xpath: //h1[contains(text(),'Register')]]
2022-05-15 23:05:192 INFO  ManageDriver :29 - Launching Chrome Browser
2022-05-15 23:05:958 INFO  HomePage :42 - click on 'REGISTER' link :[[ChromeDriver: chrome on WINDOWS (b1109d366c11f6c751f58bda894b6c7b)] -> link text: Register]
2022-05-15 23:05:404 INFO  RegisterPage :134 - click on 'REGISTER' button :[[ChromeDriver: chrome on WINDOWS (b1109d366c11f6c751f58bda894b6c7b)] -> id: register-button]
2022-05-15 23:05:496 INFO  RegisterPage :139 - get the 'FIRST NAME' text :[[ChromeDriver: chrome on WINDOWS (b1109d366c11f6c751f58bda894b6c7b)] -> id: FirstName-error]
2022-05-15 23:05:525 INFO  RegisterPage :143 - get the 'LAST NAME' text :[[ChromeDriver: chrome on WINDOWS (b1109d366c11f6c751f58bda894b6c7b)] -> id: LastName-error]
2022-05-15 23:05:552 INFO  RegisterPage :147 - get the 'EMAIL ADDRESS' text :[[ChromeDriver: chrome on WINDOWS (b1109d366c11f6c751f58bda894b6c7b)] -> id: Email-error]
2022-05-15 23:05:579 INFO  RegisterPage :151 - get the 'PASSWORD' text :[[ChromeDriver: chrome on WINDOWS (b1109d366c11f6c751f58bda894b6c7b)] -> id: Password-error]
2022-05-15 23:05:605 INFO  RegisterPage :155 - get the 'CONFIRM PASSWORD' text :[[ChromeDriver: chrome on WINDOWS (b1109d366c11f6c751f58bda894b6c7b)] -> id: ConfirmPassword-error]
2022-05-15 23:05:287 INFO  ManageDriver :29 - Launching Chrome Browser
2022-05-15 23:05:92 INFO  HomePage :42 - click on 'REGISTER' link :[[ChromeDriver: chrome on WINDOWS (e015d42805ca410b9ec724c2c7dfe97d)] -> link text: Register]
2022-05-15 23:05:524 INFO  RegisterPage :82 - click on 'MALE OR FEMALE' radio button :F
2022-05-15 23:05:606 INFO  RegisterPage :93 - enter the 'FIRST NAME' :johnto first name field
2022-05-15 23:05:671 INFO  RegisterPage :99 - enter the 'LAST NAME' :johnto last name field
2022-05-15 23:05:748 INFO  RegisterPage :104 - select the 'DATE OF BIRTHDAY' from drop down:[[ChromeDriver: chrome on WINDOWS (e015d42805ca410b9ec724c2c7dfe97d)] -> name: DateOfBirthDay]
2022-05-15 23:05:816 INFO  RegisterPage :109 - select the 'DATE OF BIRTHMONTH' from drop down:[[ChromeDriver: chrome on WINDOWS (e015d42805ca410b9ec724c2c7dfe97d)] -> name: DateOfBirthMonth]
2022-05-15 23:05:884 INFO  RegisterPage :114 - select the 'DATE OF BIRTHYEAR' from drop down:[[ChromeDriver: chrome on WINDOWS (e015d42805ca410b9ec724c2c7dfe97d)] -> name: DateOfBirthYear]
2022-05-15 23:05:934 INFO  RegisterPage :119 - enter the 'EMAIL' :VRrjohn@gmail.comto email field
2022-05-15 23:05:985 INFO  RegisterPage :124 - enter the 'PASSWORD' :john12345to password field
2022-05-15 23:05:36 INFO  RegisterPage :129 - enter the 'CONFIRM PASSWORD' :john12345to confirm password field
2022-05-15 23:05:90 INFO  RegisterPage :134 - click on 'REGISTER' button :[[ChromeDriver: chrome on WINDOWS (e015d42805ca410b9ec724c2c7dfe97d)] -> id: register-button]
2022-05-15 23:05:767 INFO  RegisterPage :160 - get the 'ERROR MESSAGE' text :[[ChromeDriver: chrome on WINDOWS (e015d42805ca410b9ec724c2c7dfe97d)] -> css selector: div.result]
2022-05-17 21:05:567 INFO  ManageDriver :29 - Launching Chrome Browser
2022-05-17 21:05:497 INFO  HomePage :52 - click on 'COMPUTER' tab :[[ChromeDriver: chrome on WINDOWS (1237d52298f7b8fa702ec548d00f86c6)] -> link text: Computers]
2022-05-17 21:05:217 INFO  ComputerPage :32 - get the 'COMPUTER' text :[[ChromeDriver: chrome on WINDOWS (1237d52298f7b8fa702ec548d00f86c6)] -> xpath: //h1[contains(text(),'Computers')]]
2022-05-17 21:05:495 INFO  ManageDriver :29 - Launching Chrome Browser
2022-05-17 21:05:18 INFO  HomePage :52 - click on 'COMPUTER' tab :[[ChromeDriver: chrome on WINDOWS (749c20633509f41dda2f64ebfbfeaeb8)] -> link text: Computers]
2022-05-17 21:05:681 INFO  ComputerPage :37 - click on 'DESKTOP' button :[[ChromeDriver: chrome on WINDOWS (749c20633509f41dda2f64ebfbfeaeb8)] -> xpath: //li[@class="inactive"]/child::a[contains(text(),'Desktops')]]
2022-05-17 21:05:220 INFO  DeskTopPage :35 - get the 'DESKTOP' text :[[ChromeDriver: chrome on WINDOWS (749c20633509f41dda2f64ebfbfeaeb8)] -> xpath: //h1[contains(text(),'Desktops')]]
2022-05-17 21:05:128 INFO  ManageDriver :29 - Launching Chrome Browser
2022-05-17 21:05:175 INFO  HomePage :52 - click on 'COMPUTER' tab :[[ChromeDriver: chrome on WINDOWS (5768dda8bedbce7d82bb7e6c204d0db2)] -> link text: Computers]
2022-05-17 21:05:827 INFO  ComputerPage :37 - click on 'DESKTOP' button :[[ChromeDriver: chrome on WINDOWS (5768dda8bedbce7d82bb7e6c204d0db2)] -> xpath: //li[@class="inactive"]/child::a[contains(text(),'Desktops')]]
2022-05-17 21:05:309 INFO  DeskTopPage :50 - click on 'PRODUCT' :Build your own computer
2022-05-17 21:05:253 INFO  BuildYourOwnComputerPage :46 - get the 'BUILD YOUR COMPUTER' text :[[ChromeDriver: chrome on WINDOWS (5768dda8bedbce7d82bb7e6c204d0db2)] -> xpath: //h1[contains(text(),'Build your own computer')]]
2022-05-17 21:05:303 INFO  BuildYourOwnComputerPage :51 - select the 'PROCESSOR' from drop down:[[ChromeDriver: chrome on WINDOWS (5768dda8bedbce7d82bb7e6c204d0db2)] -> xpath: //select[@id='product_attribute_1']]
2022-05-17 21:05:443 INFO  BuildYourOwnComputerPage :56 - select the 'RAM' from drop down:[[ChromeDriver: chrome on WINDOWS (5768dda8bedbce7d82bb7e6c204d0db2)] -> xpath: //select[@id='product_attribute_2']]
2022-05-17 21:05:551 INFO  BuildYourOwnComputerPage :60 - click on 'HDD' from radio button :320 GB
2022-05-17 21:05:652 INFO  BuildYourOwnComputerPage :70 - click on 'OS' from radio button :Vista Home [+$50.00]
2022-05-17 21:05:785 INFO  BuildYourOwnComputerPage :82 - click on 'SOFTWARE' from check box :Microsoft Office [+$50.00]
2022-05-17 21:05:855 INFO  BuildYourOwnComputerPage :89 - click on 'ADD TO CART' button :[[ChromeDriver: chrome on WINDOWS (5768dda8bedbce7d82bb7e6c204d0db2)] -> xpath: //button[@id='add-to-cart-button-1']]
2022-05-17 21:05:196 INFO  BuildYourOwnComputerPage :94 - get the 'ADD TO CARD' text :[[ChromeDriver: chrome on WINDOWS (5768dda8bedbce7d82bb7e6c204d0db2)] -> xpath: //body/div[@id='bar-notification']/div[1]/p[1]]
2022-05-17 21:05:76 INFO  ManageDriver :29 - Launching Chrome Browser
2022-05-17 21:05:55 INFO  HomePage :52 - click on 'COMPUTER' tab :[[ChromeDriver: chrome on WINDOWS (9c16e7b3c6cb0366ada6b3000b9eb896)] -> link text: Computers]
2022-05-17 21:05:681 INFO  ComputerPage :37 - click on 'DESKTOP' button :[[ChromeDriver: chrome on WINDOWS (9c16e7b3c6cb0366ada6b3000b9eb896)] -> xpath: //li[@class="inactive"]/child::a[contains(text(),'Desktops')]]
2022-05-17 21:05:179 INFO  DeskTopPage :50 - click on 'PRODUCT' :Build your own computer
2022-05-17 21:05:51 INFO  BuildYourOwnComputerPage :46 - get the 'BUILD YOUR COMPUTER' text :[[ChromeDriver: chrome on WINDOWS (9c16e7b3c6cb0366ada6b3000b9eb896)] -> xpath: //h1[contains(text(),'Build your own computer')]]
2022-05-17 21:05:99 INFO  BuildYourOwnComputerPage :51 - select the 'PROCESSOR' from drop down:[[ChromeDriver: chrome on WINDOWS (9c16e7b3c6cb0366ada6b3000b9eb896)] -> xpath: //select[@id='product_attribute_1']]
2022-05-17 21:05:164 INFO  BuildYourOwnComputerPage :56 - select the 'RAM' from drop down:[[ChromeDriver: chrome on WINDOWS (9c16e7b3c6cb0366ada6b3000b9eb896)] -> xpath: //select[@id='product_attribute_2']]
2022-05-17 21:05:262 INFO  BuildYourOwnComputerPage :60 - click on 'HDD' from radio button :400 GB [+$100.00]
2022-05-17 21:05:364 INFO  BuildYourOwnComputerPage :70 - click on 'OS' from radio button :Vista Premium [+$60.00]
2022-05-17 21:05:487 INFO  BuildYourOwnComputerPage :82 - click on 'SOFTWARE' from check box :Acrobat Reader [+$10.00]
2022-05-17 21:05:549 INFO  BuildYourOwnComputerPage :89 - click on 'ADD TO CART' button :[[ChromeDriver: chrome on WINDOWS (9c16e7b3c6cb0366ada6b3000b9eb896)] -> xpath: //button[@id='add-to-cart-button-1']]
2022-05-17 21:05:429 INFO  BuildYourOwnComputerPage :94 - get the 'ADD TO CARD' text :[[ChromeDriver: chrome on WINDOWS (9c16e7b3c6cb0366ada6b3000b9eb896)] -> xpath: //body/div[@id='bar-notification']/div[1]/p[1]]
2022-05-17 21:05:166 INFO  ManageDriver :29 - Launching Chrome Browser
2022-05-17 21:05:460 INFO  HomePage :52 - click on 'COMPUTER' tab :[[ChromeDriver: chrome on WINDOWS (53ed3bc932d8fcc3c00d357263f4c192)] -> link text: Computers]
2022-05-17 21:05:118 INFO  ComputerPage :37 - click on 'DESKTOP' button :[[ChromeDriver: chrome on WINDOWS (53ed3bc932d8fcc3c00d357263f4c192)] -> xpath: //li[@class="inactive"]/child::a[contains(text(),'Desktops')]]
2022-05-17 21:05:650 INFO  DeskTopPage :50 - click on 'PRODUCT' :Build your own computer
2022-05-17 21:05:552 INFO  BuildYourOwnComputerPage :46 - get the 'BUILD YOUR COMPUTER' text :[[ChromeDriver: chrome on WINDOWS (53ed3bc932d8fcc3c00d357263f4c192)] -> xpath: //h1[contains(text(),'Build your own computer')]]
2022-05-17 21:05:589 INFO  BuildYourOwnComputerPage :51 - select the 'PROCESSOR' from drop down:[[ChromeDriver: chrome on WINDOWS (53ed3bc932d8fcc3c00d357263f4c192)] -> xpath: //select[@id='product_attribute_1']]
2022-05-17 21:05:651 INFO  BuildYourOwnComputerPage :56 - select the 'RAM' from drop down:[[ChromeDriver: chrome on WINDOWS (53ed3bc932d8fcc3c00d357263f4c192)] -> xpath: //select[@id='product_attribute_2']]
2022-05-17 21:05:747 INFO  BuildYourOwnComputerPage :60 - click on 'HDD' from radio button :320 GB
2022-05-17 21:05:850 INFO  BuildYourOwnComputerPage :70 - click on 'OS' from radio button :Vista Home [+$50.00]
2022-05-17 21:05:06 INFO  BuildYourOwnComputerPage :82 - click on 'SOFTWARE' from check box :Total Commander [+$5.00]
2022-05-17 21:05:73 INFO  BuildYourOwnComputerPage :89 - click on 'ADD TO CART' button :[[ChromeDriver: chrome on WINDOWS (53ed3bc932d8fcc3c00d357263f4c192)] -> xpath: //button[@id='add-to-cart-button-1']]
2022-05-17 21:05:465 INFO  BuildYourOwnComputerPage :94 - get the 'ADD TO CARD' text :[[ChromeDriver: chrome on WINDOWS (53ed3bc932d8fcc3c00d357263f4c192)] -> xpath: //body/div[@id='bar-notification']/div[1]/p[1]]
2022-05-29 21:05:398 INFO  ManageDriver :29 - Launching Chrome Browser
2022-05-29 21:05:239 INFO  HomePage :52 - click on 'COMPUTER' tab :[[ChromeDriver: chrome on WINDOWS (94489ae3c595e22aa91b1a309db8e270)] -> link text: Computers]
2022-05-29 21:05:883 INFO  ComputerPage :32 - get the 'COMPUTER' text :[[ChromeDriver: chrome on WINDOWS (94489ae3c595e22aa91b1a309db8e270)] -> xpath: //h1[contains(text(),'Computers')]]
2022-05-29 21:05:33 INFO  ManageDriver :29 - Launching Chrome Browser
2022-05-29 21:05:51 INFO  HomePage :52 - click on 'COMPUTER' tab :[[ChromeDriver: chrome on WINDOWS (f31f4f38a59e381f8cb5f2b8394fe488)] -> link text: Computers]
2022-05-29 21:05:645 INFO  ComputerPage :37 - click on 'DESKTOP' button :[[ChromeDriver: chrome on WINDOWS (f31f4f38a59e381f8cb5f2b8394fe488)] -> xpath: //li[@class="inactive"]/child::a[contains(text(),'Desktops')]]
2022-05-29 21:05:190 INFO  DeskTopPage :35 - get the 'DESKTOP' text :[[ChromeDriver: chrome on WINDOWS (f31f4f38a59e381f8cb5f2b8394fe488)] -> xpath: //h1[contains(text(),'Desktops')]]
2022-05-29 21:05:947 INFO  ManageDriver :29 - Launching Chrome Browser
2022-05-29 21:05:960 INFO  HomePage :52 - click on 'COMPUTER' tab :[[ChromeDriver: chrome on WINDOWS (35fe414f373c9170b4ca66133166dcc4)] -> link text: Computers]
2022-05-29 21:05:557 INFO  ComputerPage :37 - click on 'DESKTOP' button :[[ChromeDriver: chrome on WINDOWS (35fe414f373c9170b4ca66133166dcc4)] -> xpath: //li[@class="inactive"]/child::a[contains(text(),'Desktops')]]
2022-05-29 21:05:03 INFO  DeskTopPage :50 - click on 'PRODUCT' :Build your own computer
2022-05-29 21:05:113 INFO  BuildYourOwnComputerPage :46 - get the 'BUILD YOUR COMPUTER' text :[[ChromeDriver: chrome on WINDOWS (35fe414f373c9170b4ca66133166dcc4)] -> xpath: //h1[contains(text(),'Build your own computer')]]
2022-05-29 21:05:153 INFO  BuildYourOwnComputerPage :51 - select the 'PROCESSOR' from drop down:[[ChromeDriver: chrome on WINDOWS (35fe414f373c9170b4ca66133166dcc4)] -> xpath: //select[@id='product_attribute_1']]
2022-05-29 21:05:249 INFO  BuildYourOwnComputerPage :56 - select the 'RAM' from drop down:[[ChromeDriver: chrome on WINDOWS (35fe414f373c9170b4ca66133166dcc4)] -> xpath: //select[@id='product_attribute_2']]
2022-05-29 21:05:336 INFO  BuildYourOwnComputerPage :60 - click on 'HDD' from radio button :320 GB
2022-05-29 21:05:412 INFO  BuildYourOwnComputerPage :70 - click on 'OS' from radio button :Vista Home [+$50.00]
2022-05-29 21:05:519 INFO  BuildYourOwnComputerPage :82 - click on 'SOFTWARE' from check box :Microsoft Office [+$50.00]
2022-05-29 21:05:574 INFO  BuildYourOwnComputerPage :89 - click on 'ADD TO CART' button :[[ChromeDriver: chrome on WINDOWS (35fe414f373c9170b4ca66133166dcc4)] -> xpath: //button[@id='add-to-cart-button-1']]
2022-05-29 21:05:553 INFO  BuildYourOwnComputerPage :94 - get the 'ADD TO CARD' text :[[ChromeDriver: chrome on WINDOWS (35fe414f373c9170b4ca66133166dcc4)] -> xpath: //body/div[@id='bar-notification']/div[1]/p[1]]
2022-05-29 21:05:299 INFO  ManageDriver :29 - Launching Chrome Browser
2022-05-29 21:05:305 INFO  HomePage :52 - click on 'COMPUTER' tab :[[ChromeDriver: chrome on WINDOWS (745bd081218e393c006c0e350fc37009)] -> link text: Computers]
2022-05-29 21:05:941 INFO  ComputerPage :37 - click on 'DESKTOP' button :[[ChromeDriver: chrome on WINDOWS (745bd081218e393c006c0e350fc37009)] -> xpath: //li[@class="inactive"]/child::a[contains(text(),'Desktops')]]
2022-05-29 21:05:438 INFO  DeskTopPage :50 - click on 'PRODUCT' :Build your own computer
2022-05-29 21:05:181 INFO  BuildYourOwnComputerPage :46 - get the 'BUILD YOUR COMPUTER' text :[[ChromeDriver: chrome on WINDOWS (745bd081218e393c006c0e350fc37009)] -> xpath: //h1[contains(text(),'Build your own computer')]]
2022-05-29 21:05:213 INFO  BuildYourOwnComputerPage :51 - select the 'PROCESSOR' from drop down:[[ChromeDriver: chrome on WINDOWS (745bd081218e393c006c0e350fc37009)] -> xpath: //select[@id='product_attribute_1']]
2022-05-29 21:05:275 INFO  BuildYourOwnComputerPage :56 - select the 'RAM' from drop down:[[ChromeDriver: chrome on WINDOWS (745bd081218e393c006c0e350fc37009)] -> xpath: //select[@id='product_attribute_2']]
2022-05-29 21:05:346 INFO  BuildYourOwnComputerPage :60 - click on 'HDD' from radio button :400 GB [+$100.00]
2022-05-29 21:05:434 INFO  BuildYourOwnComputerPage :70 - click on 'OS' from radio button :Vista Premium [+$60.00]
2022-05-29 21:05:566 INFO  BuildYourOwnComputerPage :82 - click on 'SOFTWARE' from check box :Acrobat Reader [+$10.00]
2022-05-29 21:05:622 INFO  BuildYourOwnComputerPage :89 - click on 'ADD TO CART' button :[[ChromeDriver: chrome on WINDOWS (745bd081218e393c006c0e350fc37009)] -> xpath: //button[@id='add-to-cart-button-1']]
2022-05-29 21:05:978 INFO  BuildYourOwnComputerPage :94 - get the 'ADD TO CARD' text :[[ChromeDriver: chrome on WINDOWS (745bd081218e393c006c0e350fc37009)] -> xpath: //body/div[@id='bar-notification']/div[1]/p[1]]
2022-05-29 21:05:737 INFO  ManageDriver :29 - Launching Chrome Browser
2022-05-29 21:05:484 INFO  HomePage :52 - click on 'COMPUTER' tab :[[ChromeDriver: chrome on WINDOWS (1b697be025b39889eaf59f68400d7cc4)] -> link text: Computers]
2022-05-29 21:05:56 INFO  ComputerPage :37 - click on 'DESKTOP' button :[[ChromeDriver: chrome on WINDOWS (1b697be025b39889eaf59f68400d7cc4)] -> xpath: //li[@class="inactive"]/child::a[contains(text(),'Desktops')]]
2022-05-29 21:05:575 INFO  DeskTopPage :50 - click on 'PRODUCT' :Build your own computer
2022-05-29 21:05:353 INFO  BuildYourOwnComputerPage :46 - get the 'BUILD YOUR COMPUTER' text :[[ChromeDriver: chrome on WINDOWS (1b697be025b39889eaf59f68400d7cc4)] -> xpath: //h1[contains(text(),'Build your own computer')]]
2022-05-29 21:05:384 INFO  BuildYourOwnComputerPage :51 - select the 'PROCESSOR' from drop down:[[ChromeDriver: chrome on WINDOWS (1b697be025b39889eaf59f68400d7cc4)] -> xpath: //select[@id='product_attribute_1']]
2022-05-29 21:05:441 INFO  BuildYourOwnComputerPage :56 - select the 'RAM' from drop down:[[ChromeDriver: chrome on WINDOWS (1b697be025b39889eaf59f68400d7cc4)] -> xpath: //select[@id='product_attribute_2']]
2022-05-29 21:05:507 INFO  BuildYourOwnComputerPage :60 - click on 'HDD' from radio button :320 GB
2022-05-29 21:05:585 INFO  BuildYourOwnComputerPage :70 - click on 'OS' from radio button :Vista Home [+$50.00]
2022-05-29 21:05:719 INFO  BuildYourOwnComputerPage :82 - click on 'SOFTWARE' from check box :Total Commander [+$5.00]
2022-05-29 21:05:775 INFO  BuildYourOwnComputerPage :89 - click on 'ADD TO CART' button :[[ChromeDriver: chrome on WINDOWS (1b697be025b39889eaf59f68400d7cc4)] -> xpath: //button[@id='add-to-cart-button-1']]
2022-05-29 21:05:143 INFO  BuildYourOwnComputerPage :94 - get the 'ADD TO CARD' text :[[ChromeDriver: chrome on WINDOWS (1b697be025b39889eaf59f68400d7cc4)] -> xpath: //body/div[@id='bar-notification']/div[1]/p[1]]
2022-05-29 23:05:824 INFO  ManageDriver :29 - Launching Chrome Browser
2022-05-29 23:05:885 INFO  HomePage :52 - click on 'COMPUTER' tab :[[ChromeDriver: chrome on WINDOWS (a64c36ba52cc1604287ff1d17309c0e9)] -> link text: Computers]
2022-05-29 23:05:714 INFO  ComputerPage :32 - get the 'COMPUTER' text :[[ChromeDriver: chrome on WINDOWS (a64c36ba52cc1604287ff1d17309c0e9)] -> xpath: //h1[contains(text(),'Computers')]]
2022-05-29 23:05:737 INFO  ManageDriver :29 - Launching Chrome Browser
2022-05-29 23:05:950 INFO  HomePage :52 - click on 'COMPUTER' tab :[[ChromeDriver: chrome on WINDOWS (b61f471a02c0527a506cb43cc5e8a3c1)] -> link text: Computers]
2022-05-29 23:05:538 INFO  ComputerPage :37 - click on 'DESKTOP' button :[[ChromeDriver: chrome on WINDOWS (b61f471a02c0527a506cb43cc5e8a3c1)] -> xpath: //li[@class="inactive"]/child::a[contains(text(),'Desktops')]]
2022-05-29 23:05:54 INFO  DeskTopPage :35 - get the 'DESKTOP' text :[[ChromeDriver: chrome on WINDOWS (b61f471a02c0527a506cb43cc5e8a3c1)] -> xpath: //h1[contains(text(),'Desktops')]]
2022-05-29 23:05:975 INFO  ManageDriver :29 - Launching Chrome Browser
2022-05-29 23:05:618 INFO  HomePage :52 - click on 'COMPUTER' tab :[[ChromeDriver: chrome on WINDOWS (0369b048244beda655953f3f0719b7a0)] -> link text: Computers]
2022-05-29 23:05:252 INFO  ComputerPage :37 - click on 'DESKTOP' button :[[ChromeDriver: chrome on WINDOWS (0369b048244beda655953f3f0719b7a0)] -> xpath: //li[@class="inactive"]/child::a[contains(text(),'Desktops')]]
2022-05-29 23:05:754 INFO  DeskTopPage :50 - click on 'PRODUCT' :Build your own computer
2022-05-29 23:05:588 INFO  BuildYourOwnComputerPage :46 - get the 'BUILD YOUR COMPUTER' text :[[ChromeDriver: chrome on WINDOWS (0369b048244beda655953f3f0719b7a0)] -> xpath: //h1[contains(text(),'Build your own computer')]]
2022-05-29 23:05:630 INFO  BuildYourOwnComputerPage :51 - select the 'PROCESSOR' from drop down:[[ChromeDriver: chrome on WINDOWS (0369b048244beda655953f3f0719b7a0)] -> xpath: //select[@id='product_attribute_1']]
2022-05-29 23:05:743 INFO  BuildYourOwnComputerPage :56 - select the 'RAM' from drop down:[[ChromeDriver: chrome on WINDOWS (0369b048244beda655953f3f0719b7a0)] -> xpath: //select[@id='product_attribute_2']]
2022-05-29 23:05:841 INFO  BuildYourOwnComputerPage :60 - click on 'HDD' from radio button :320 GB
2022-05-29 23:05:924 INFO  BuildYourOwnComputerPage :70 - click on 'OS' from radio button :Vista Home [+$50.00]
2022-05-29 23:05:55 INFO  BuildYourOwnComputerPage :82 - click on 'SOFTWARE' from check box :Microsoft Office [+$50.00]
2022-05-29 23:05:126 INFO  BuildYourOwnComputerPage :89 - click on 'ADD TO CART' button :[[ChromeDriver: chrome on WINDOWS (0369b048244beda655953f3f0719b7a0)] -> xpath: //button[@id='add-to-cart-button-1']]
2022-05-29 23:05:494 INFO  BuildYourOwnComputerPage :94 - get the 'ADD TO CARD' text :[[ChromeDriver: chrome on WINDOWS (0369b048244beda655953f3f0719b7a0)] -> xpath: //body/div[@id='bar-notification']/div[1]/p[1]]
2022-05-29 23:05:250 INFO  ManageDriver :29 - Launching Chrome Browser
2022-05-29 23:05:891 INFO  HomePage :52 - click on 'COMPUTER' tab :[[ChromeDriver: chrome on WINDOWS (8a3742bef5daffffb93f92be3952df3e)] -> link text: Computers]
2022-05-29 23:05:477 INFO  ComputerPage :37 - click on 'DESKTOP' button :[[ChromeDriver: chrome on WINDOWS (8a3742bef5daffffb93f92be3952df3e)] -> xpath: //li[@class="inactive"]/child::a[contains(text(),'Desktops')]]
2022-05-29 23:05:979 INFO  DeskTopPage :50 - click on 'PRODUCT' :Build your own computer
2022-05-29 23:05:776 INFO  BuildYourOwnComputerPage :46 - get the 'BUILD YOUR COMPUTER' text :[[ChromeDriver: chrome on WINDOWS (8a3742bef5daffffb93f92be3952df3e)] -> xpath: //h1[contains(text(),'Build your own computer')]]
2022-05-29 23:05:818 INFO  BuildYourOwnComputerPage :51 - select the 'PROCESSOR' from drop down:[[ChromeDriver: chrome on WINDOWS (8a3742bef5daffffb93f92be3952df3e)] -> xpath: //select[@id='product_attribute_1']]
2022-05-29 23:05:891 INFO  BuildYourOwnComputerPage :56 - select the 'RAM' from drop down:[[ChromeDriver: chrome on WINDOWS (8a3742bef5daffffb93f92be3952df3e)] -> xpath: //select[@id='product_attribute_2']]
2022-05-29 23:05:997 INFO  BuildYourOwnComputerPage :60 - click on 'HDD' from radio button :400 GB [+$100.00]
2022-05-29 23:05:84 INFO  BuildYourOwnComputerPage :70 - click on 'OS' from radio button :Vista Premium [+$60.00]
2022-05-29 23:05:204 INFO  BuildYourOwnComputerPage :82 - click on 'SOFTWARE' from check box :Acrobat Reader [+$10.00]
2022-05-29 23:05:257 INFO  BuildYourOwnComputerPage :89 - click on 'ADD TO CART' button :[[ChromeDriver: chrome on WINDOWS (8a3742bef5daffffb93f92be3952df3e)] -> xpath: //button[@id='add-to-cart-button-1']]
2022-05-29 23:05:651 INFO  BuildYourOwnComputerPage :94 - get the 'ADD TO CARD' text :[[ChromeDriver: chrome on WINDOWS (8a3742bef5daffffb93f92be3952df3e)] -> xpath: //body/div[@id='bar-notification']/div[1]/p[1]]
2022-05-29 23:05:380 INFO  ManageDriver :29 - Launching Chrome Browser
2022-05-29 23:05:21 INFO  HomePage :52 - click on 'COMPUTER' tab :[[ChromeDriver: chrome on WINDOWS (5c7cc1e3bd344a6ab1b2074f85a16714)] -> link text: Computers]
2022-05-29 23:05:613 INFO  ComputerPage :37 - click on 'DESKTOP' button :[[ChromeDriver: chrome on WINDOWS (5c7cc1e3bd344a6ab1b2074f85a16714)] -> xpath: //li[@class="inactive"]/child::a[contains(text(),'Desktops')]]
2022-05-29 23:05:113 INFO  DeskTopPage :50 - click on 'PRODUCT' :Build your own computer
2022-05-29 23:05:917 INFO  BuildYourOwnComputerPage :46 - get the 'BUILD YOUR COMPUTER' text :[[ChromeDriver: chrome on WINDOWS (5c7cc1e3bd344a6ab1b2074f85a16714)] -> xpath: //h1[contains(text(),'Build your own computer')]]
2022-05-29 23:05:952 INFO  BuildYourOwnComputerPage :51 - select the 'PROCESSOR' from drop down:[[ChromeDriver: chrome on WINDOWS (5c7cc1e3bd344a6ab1b2074f85a16714)] -> xpath: //select[@id='product_attribute_1']]
2022-05-29 23:05:16 INFO  BuildYourOwnComputerPage :56 - select the 'RAM' from drop down:[[ChromeDriver: chrome on WINDOWS (5c7cc1e3bd344a6ab1b2074f85a16714)] -> xpath: //select[@id='product_attribute_2']]
2022-05-29 23:05:83 INFO  BuildYourOwnComputerPage :60 - click on 'HDD' from radio button :320 GB
2022-05-29 23:05:156 INFO  BuildYourOwnComputerPage :70 - click on 'OS' from radio button :Vista Home [+$50.00]
2022-05-29 23:05:259 INFO  BuildYourOwnComputerPage :82 - click on 'SOFTWARE' from check box :Total Commander [+$5.00]
2022-05-29 23:05:304 INFO  BuildYourOwnComputerPage :89 - click on 'ADD TO CART' button :[[ChromeDriver: chrome on WINDOWS (5c7cc1e3bd344a6ab1b2074f85a16714)] -> xpath: //button[@id='add-to-cart-button-1']]
2022-05-29 23:05:625 INFO  BuildYourOwnComputerPage :94 - get the 'ADD TO CARD' text :[[ChromeDriver: chrome on WINDOWS (5c7cc1e3bd344a6ab1b2074f85a16714)] -> xpath: //body/div[@id='bar-notification']/div[1]/p[1]]
2022-05-29 23:05:116 INFO  ManageDriver :29 - Launching Chrome Browser
2022-05-29 23:05:392 INFO  HomePage :52 - click on 'COMPUTER' tab :[[ChromeDriver: chrome on WINDOWS (787d7ead5f248cb62b6cdac660098f1a)] -> link text: Computers]
2022-05-29 23:05:17 INFO  ComputerPage :32 - get the 'COMPUTER' text :[[ChromeDriver: chrome on WINDOWS (787d7ead5f248cb62b6cdac660098f1a)] -> xpath: //h1[contains(text(),'Computers')]]
2022-05-29 23:05:114 INFO  ManageDriver :29 - Launching Chrome Browser
2022-05-29 23:05:686 INFO  HomePage :52 - click on 'COMPUTER' tab :[[ChromeDriver: chrome on WINDOWS (3c056ec8d2d23eb9e90c597d0c3716ab)] -> link text: Computers]
2022-05-29 23:05:355 INFO  ComputerPage :37 - click on 'DESKTOP' button :[[ChromeDriver: chrome on WINDOWS (3c056ec8d2d23eb9e90c597d0c3716ab)] -> xpath: //li[@class="inactive"]/child::a[contains(text(),'Desktops')]]
2022-05-29 23:05:00 INFO  DeskTopPage :35 - get the 'DESKTOP' text :[[ChromeDriver: chrome on WINDOWS (3c056ec8d2d23eb9e90c597d0c3716ab)] -> xpath: //h1[contains(text(),'Desktops')]]
2022-05-29 23:05:745 INFO  ManageDriver :29 - Launching Chrome Browser
2022-05-29 23:05:678 INFO  HomePage :52 - click on 'COMPUTER' tab :[[ChromeDriver: chrome on WINDOWS (9bc918203a2ebb7398a28629f4b1654e)] -> link text: Computers]
2022-05-29 23:05:250 INFO  ComputerPage :37 - click on 'DESKTOP' button :[[ChromeDriver: chrome on WINDOWS (9bc918203a2ebb7398a28629f4b1654e)] -> xpath: //li[@class="inactive"]/child::a[contains(text(),'Desktops')]]
2022-05-29 23:05:697 INFO  DeskTopPage :50 - click on 'PRODUCT' :Build your own computer
2022-05-29 23:05:483 INFO  BuildYourOwnComputerPage :46 - get the 'BUILD YOUR COMPUTER' text :[[ChromeDriver: chrome on WINDOWS (9bc918203a2ebb7398a28629f4b1654e)] -> xpath: //h1[contains(text(),'Build your own computer')]]
2022-05-29 23:05:524 INFO  BuildYourOwnComputerPage :51 - select the 'PROCESSOR' from drop down:[[ChromeDriver: chrome on WINDOWS (9bc918203a2ebb7398a28629f4b1654e)] -> xpath: //select[@id='product_attribute_1']]
2022-05-29 23:05:624 INFO  BuildYourOwnComputerPage :56 - select the 'RAM' from drop down:[[ChromeDriver: chrome on WINDOWS (9bc918203a2ebb7398a28629f4b1654e)] -> xpath: //select[@id='product_attribute_2']]
2022-05-29 23:05:714 INFO  BuildYourOwnComputerPage :60 - click on 'HDD' from radio button :320 GB
2022-05-29 23:05:792 INFO  BuildYourOwnComputerPage :70 - click on 'OS' from radio button :Vista Home [+$50.00]
2022-05-29 23:05:901 INFO  BuildYourOwnComputerPage :82 - click on 'SOFTWARE' from check box :Microsoft Office [+$50.00]
2022-05-29 23:05:962 INFO  BuildYourOwnComputerPage :89 - click on 'ADD TO CART' button :[[ChromeDriver: chrome on WINDOWS (9bc918203a2ebb7398a28629f4b1654e)] -> xpath: //button[@id='add-to-cart-button-1']]
2022-05-29 23:05:336 INFO  BuildYourOwnComputerPage :94 - get the 'ADD TO CARD' text :[[ChromeDriver: chrome on WINDOWS (9bc918203a2ebb7398a28629f4b1654e)] -> xpath: //body/div[@id='bar-notification']/div[1]/p[1]]
2022-05-29 23:05:130 INFO  ManageDriver :29 - Launching Chrome Browser
2022-05-29 23:05:628 INFO  HomePage :52 - click on 'COMPUTER' tab :[[ChromeDriver: chrome on WINDOWS (65960d161bd5321acfa4887b11ed4785)] -> link text: Computers]
2022-05-29 23:05:208 INFO  ComputerPage :37 - click on 'DESKTOP' button :[[ChromeDriver: chrome on WINDOWS (65960d161bd5321acfa4887b11ed4785)] -> xpath: //li[@class="inactive"]/child::a[contains(text(),'Desktops')]]
2022-05-29 23:05:710 INFO  DeskTopPage :50 - click on 'PRODUCT' :Build your own computer
2022-05-29 23:05:485 INFO  BuildYourOwnComputerPage :46 - get the 'BUILD YOUR COMPUTER' text :[[ChromeDriver: chrome on WINDOWS (65960d161bd5321acfa4887b11ed4785)] -> xpath: //h1[contains(text(),'Build your own computer')]]
2022-05-29 23:05:519 INFO  BuildYourOwnComputerPage :51 - select the 'PROCESSOR' from drop down:[[ChromeDriver: chrome on WINDOWS (65960d161bd5321acfa4887b11ed4785)] -> xpath: //select[@id='product_attribute_1']]
2022-05-29 23:05:557 INFO  BuildYourOwnComputerPage :56 - select the 'RAM' from drop down:[[ChromeDriver: chrome on WINDOWS (65960d161bd5321acfa4887b11ed4785)] -> xpath: //select[@id='product_attribute_2']]
2022-05-29 23:05:610 INFO  BuildYourOwnComputerPage :60 - click on 'HDD' from radio button :400 GB [+$100.00]
2022-05-29 23:05:699 INFO  BuildYourOwnComputerPage :70 - click on 'OS' from radio button :Vista Premium [+$60.00]
2022-05-29 23:05:815 INFO  BuildYourOwnComputerPage :82 - click on 'SOFTWARE' from check box :Acrobat Reader [+$10.00]
2022-05-29 23:05:867 INFO  BuildYourOwnComputerPage :89 - click on 'ADD TO CART' button :[[ChromeDriver: chrome on WINDOWS (65960d161bd5321acfa4887b11ed4785)] -> xpath: //button[@id='add-to-cart-button-1']]
2022-05-29 23:05:191 INFO  BuildYourOwnComputerPage :94 - get the 'ADD TO CARD' text :[[ChromeDriver: chrome on WINDOWS (65960d161bd5321acfa4887b11ed4785)] -> xpath: //body/div[@id='bar-notification']/div[1]/p[1]]
2022-05-29 23:05:895 INFO  ManageDriver :29 - Launching Chrome Browser
2022-05-29 23:05:808 INFO  HomePage :52 - click on 'COMPUTER' tab :[[ChromeDriver: chrome on WINDOWS (5d514e968f9b0d40da25f35aaf536dd0)] -> link text: Computers]
2022-05-29 23:05:425 INFO  ComputerPage :37 - click on 'DESKTOP' button :[[ChromeDriver: chrome on WINDOWS (5d514e968f9b0d40da25f35aaf536dd0)] -> xpath: //li[@class="inactive"]/child::a[contains(text(),'Desktops')]]
2022-05-29 23:05:874 INFO  DeskTopPage :50 - click on 'PRODUCT' :Build your own computer
2022-05-29 23:05:709 INFO  BuildYourOwnComputerPage :46 - get the 'BUILD YOUR COMPUTER' text :[[ChromeDriver: chrome on WINDOWS (5d514e968f9b0d40da25f35aaf536dd0)] -> xpath: //h1[contains(text(),'Build your own computer')]]
2022-05-29 23:05:738 INFO  BuildYourOwnComputerPage :51 - select the 'PROCESSOR' from drop down:[[ChromeDriver: chrome on WINDOWS (5d514e968f9b0d40da25f35aaf536dd0)] -> xpath: //select[@id='product_attribute_1']]
2022-05-29 23:05:799 INFO  BuildYourOwnComputerPage :56 - select the 'RAM' from drop down:[[ChromeDriver: chrome on WINDOWS (5d514e968f9b0d40da25f35aaf536dd0)] -> xpath: //select[@id='product_attribute_2']]
2022-05-29 23:05:901 INFO  BuildYourOwnComputerPage :60 - click on 'HDD' from radio button :320 GB
2022-05-29 23:05:990 INFO  BuildYourOwnComputerPage :70 - click on 'OS' from radio button :Vista Home [+$50.00]
2022-05-29 23:05:114 INFO  BuildYourOwnComputerPage :82 - click on 'SOFTWARE' from check box :Total Commander [+$5.00]
2022-05-29 23:05:150 INFO  BuildYourOwnComputerPage :89 - click on 'ADD TO CART' button :[[ChromeDriver: chrome on WINDOWS (5d514e968f9b0d40da25f35aaf536dd0)] -> xpath: //button[@id='add-to-cart-button-1']]
2022-05-29 23:05:502 INFO  BuildYourOwnComputerPage :94 - get the 'ADD TO CARD' text :[[ChromeDriver: chrome on WINDOWS (5d514e968f9b0d40da25f35aaf536dd0)] -> xpath: //body/div[@id='bar-notification']/div[1]/p[1]]
2022-05-29 23:05:755 INFO  ManageDriver :29 - Launching Chrome Browser
2022-05-29 23:05:843 INFO  HomePage :52 - click on 'COMPUTER' tab :[[ChromeDriver: chrome on WINDOWS (cb935970ad1b82f6171321981e1ec72e)] -> link text: Computers]
2022-05-29 23:05:522 INFO  ComputerPage :32 - get the 'COMPUTER' text :[[ChromeDriver: chrome on WINDOWS (cb935970ad1b82f6171321981e1ec72e)] -> xpath: //h1[contains(text(),'Computers')]]
2022-05-29 23:05:613 INFO  ManageDriver :29 - Launching Chrome Browser
2022-05-29 23:05:583 INFO  HomePage :52 - click on 'COMPUTER' tab :[[ChromeDriver: chrome on WINDOWS (db47d8b6195f0290f9a0d8d346d57234)] -> link text: Computers]
2022-05-29 23:05:159 INFO  ComputerPage :37 - click on 'DESKTOP' button :[[ChromeDriver: chrome on WINDOWS (db47d8b6195f0290f9a0d8d346d57234)] -> xpath: //li[@class="inactive"]/child::a[contains(text(),'Desktops')]]
2022-05-29 23:05:690 INFO  DeskTopPage :35 - get the 'DESKTOP' text :[[ChromeDriver: chrome on WINDOWS (db47d8b6195f0290f9a0d8d346d57234)] -> xpath: //h1[contains(text(),'Desktops')]]
2022-05-29 23:05:433 INFO  ManageDriver :29 - Launching Chrome Browser
2022-05-29 23:05:347 INFO  HomePage :52 - click on 'COMPUTER' tab :[[ChromeDriver: chrome on WINDOWS (7aa1cc43451fdca2b6622d452d80850b)] -> link text: Computers]
2022-05-29 23:05:946 INFO  ComputerPage :37 - click on 'DESKTOP' button :[[ChromeDriver: chrome on WINDOWS (7aa1cc43451fdca2b6622d452d80850b)] -> xpath: //li[@class="inactive"]/child::a[contains(text(),'Desktops')]]
2022-05-29 23:05:449 INFO  DeskTopPage :50 - click on 'PRODUCT' :Build your own computer
2022-05-29 23:05:255 INFO  BuildYourOwnComputerPage :46 - get the 'BUILD YOUR COMPUTER' text :[[ChromeDriver: chrome on WINDOWS (7aa1cc43451fdca2b6622d452d80850b)] -> xpath: //h1[contains(text(),'Build your own computer')]]
2022-05-29 23:05:289 INFO  BuildYourOwnComputerPage :51 - select the 'PROCESSOR' from drop down:[[ChromeDriver: chrome on WINDOWS (7aa1cc43451fdca2b6622d452d80850b)] -> xpath: //select[@id='product_attribute_1']]
2022-05-29 23:05:426 INFO  BuildYourOwnComputerPage :56 - select the 'RAM' from drop down:[[ChromeDriver: chrome on WINDOWS (7aa1cc43451fdca2b6622d452d80850b)] -> xpath: //select[@id='product_attribute_2']]
2022-05-29 23:05:509 INFO  BuildYourOwnComputerPage :60 - click on 'HDD' from radio button :320 GB
2022-05-29 23:05:596 INFO  BuildYourOwnComputerPage :70 - click on 'OS' from radio button :Vista Home [+$50.00]
2022-05-29 23:05:713 INFO  BuildYourOwnComputerPage :82 - click on 'SOFTWARE' from check box :Microsoft Office [+$50.00]
2022-05-29 23:05:775 INFO  BuildYourOwnComputerPage :89 - click on 'ADD TO CART' button :[[ChromeDriver: chrome on WINDOWS (7aa1cc43451fdca2b6622d452d80850b)] -> xpath: //button[@id='add-to-cart-button-1']]
2022-05-29 23:05:153 INFO  BuildYourOwnComputerPage :94 - get the 'ADD TO CARD' text :[[ChromeDriver: chrome on WINDOWS (7aa1cc43451fdca2b6622d452d80850b)] -> xpath: //body/div[@id='bar-notification']/div[1]/p[1]]
2022-05-29 23:05:869 INFO  ManageDriver :29 - Launching Chrome Browser
2022-05-29 23:05:471 INFO  HomePage :52 - click on 'COMPUTER' tab :[[ChromeDriver: chrome on WINDOWS (90eb9000d41b6ae0f3c0df9b545eb2d4)] -> link text: Computers]
2022-05-29 23:05:94 INFO  ComputerPage :37 - click on 'DESKTOP' button :[[ChromeDriver: chrome on WINDOWS (90eb9000d41b6ae0f3c0df9b545eb2d4)] -> xpath: //li[@class="inactive"]/child::a[contains(text(),'Desktops')]]
2022-05-29 23:05:602 INFO  DeskTopPage :50 - click on 'PRODUCT' :Build your own computer
2022-05-29 23:05:411 INFO  BuildYourOwnComputerPage :46 - get the 'BUILD YOUR COMPUTER' text :[[ChromeDriver: chrome on WINDOWS (90eb9000d41b6ae0f3c0df9b545eb2d4)] -> xpath: //h1[contains(text(),'Build your own computer')]]
2022-05-29 23:05:453 INFO  BuildYourOwnComputerPage :51 - select the 'PROCESSOR' from drop down:[[ChromeDriver: chrome on WINDOWS (90eb9000d41b6ae0f3c0df9b545eb2d4)] -> xpath: //select[@id='product_attribute_1']]
2022-05-29 23:05:517 INFO  BuildYourOwnComputerPage :56 - select the 'RAM' from drop down:[[ChromeDriver: chrome on WINDOWS (90eb9000d41b6ae0f3c0df9b545eb2d4)] -> xpath: //select[@id='product_attribute_2']]
2022-05-29 23:05:596 INFO  BuildYourOwnComputerPage :60 - click on 'HDD' from radio button :400 GB [+$100.00]
2022-05-29 23:05:681 INFO  BuildYourOwnComputerPage :70 - click on 'OS' from radio button :Vista Premium [+$60.00]
2022-05-29 23:05:793 INFO  BuildYourOwnComputerPage :82 - click on 'SOFTWARE' from check box :Acrobat Reader [+$10.00]
2022-05-29 23:05:841 INFO  BuildYourOwnComputerPage :89 - click on 'ADD TO CART' button :[[ChromeDriver: chrome on WINDOWS (90eb9000d41b6ae0f3c0df9b545eb2d4)] -> xpath: //button[@id='add-to-cart-button-1']]
2022-05-29 23:05:165 INFO  BuildYourOwnComputerPage :94 - get the 'ADD TO CARD' text :[[ChromeDriver: chrome on WINDOWS (90eb9000d41b6ae0f3c0df9b545eb2d4)] -> xpath: //body/div[@id='bar-notification']/div[1]/p[1]]
2022-05-29 23:05:887 INFO  ManageDriver :29 - Launching Chrome Browser
2022-05-29 23:05:519 INFO  HomePage :52 - click on 'COMPUTER' tab :[[ChromeDriver: chrome on WINDOWS (7eba5dd11f5d26cdf07dce808ab99a1d)] -> link text: Computers]
2022-05-29 23:05:118 INFO  ComputerPage :37 - click on 'DESKTOP' button :[[ChromeDriver: chrome on WINDOWS (7eba5dd11f5d26cdf07dce808ab99a1d)] -> xpath: //li[@class="inactive"]/child::a[contains(text(),'Desktops')]]
2022-05-29 23:05:648 INFO  DeskTopPage :50 - click on 'PRODUCT' :Build your own computer
2022-05-29 23:05:498 INFO  BuildYourOwnComputerPage :46 - get the 'BUILD YOUR COMPUTER' text :[[ChromeDriver: chrome on WINDOWS (7eba5dd11f5d26cdf07dce808ab99a1d)] -> xpath: //h1[contains(text(),'Build your own computer')]]
2022-05-29 23:05:515 INFO  BuildYourOwnComputerPage :51 - select the 'PROCESSOR' from drop down:[[ChromeDriver: chrome on WINDOWS (7eba5dd11f5d26cdf07dce808ab99a1d)] -> xpath: //select[@id='product_attribute_1']]
2022-05-29 23:05:558 INFO  BuildYourOwnComputerPage :56 - select the 'RAM' from drop down:[[ChromeDriver: chrome on WINDOWS (7eba5dd11f5d26cdf07dce808ab99a1d)] -> xpath: //select[@id='product_attribute_2']]
2022-05-29 23:05:628 INFO  BuildYourOwnComputerPage :60 - click on 'HDD' from radio button :320 GB
2022-05-29 23:05:694 INFO  BuildYourOwnComputerPage :70 - click on 'OS' from radio button :Vista Home [+$50.00]
2022-05-29 23:05:832 INFO  BuildYourOwnComputerPage :82 - click on 'SOFTWARE' from check box :Total Commander [+$5.00]
2022-05-29 23:05:900 INFO  BuildYourOwnComputerPage :89 - click on 'ADD TO CART' button :[[ChromeDriver: chrome on WINDOWS (7eba5dd11f5d26cdf07dce808ab99a1d)] -> xpath: //button[@id='add-to-cart-button-1']]
2022-05-29 23:05:195 INFO  BuildYourOwnComputerPage :94 - get the 'ADD TO CARD' text :[[ChromeDriver: chrome on WINDOWS (7eba5dd11f5d26cdf07dce808ab99a1d)] -> xpath: //body/div[@id='bar-notification']/div[1]/p[1]]
